{
  "RSpec": {
    "coverage": {
      "/Users/mathildathompson288/Desktop/Projects/Trustthetip/config/environment.rb": [
        null,
        1,
        null,
        null,
        1
      ],
      "/Users/mathildathompson288/Desktop/Projects/Trustthetip/config/application.rb": [
        1,
        null,
        1,
        null,
        1,
        null,
        1,
        null,
        null,
        null,
        null,
        1,
        1,
        null,
        null,
        null,
        null,
        null,
        null,
        null,
        null,
        null,
        null,
        null,
        null,
        null,
        null,
        null,
        null,
        null,
        null,
        null,
        null,
        null,
        null,
        null,
        1,
        null,
        null,
        1,
        null,
        null,
        1,
        null,
        null,
        null,
        null,
        null,
        null,
        null,
        null,
        null,
        null,
        1,
        null,
        null,
        1,
        null,
        null,
        1,
        null,
        null
      ],
      "/Users/mathildathompson288/Desktop/Projects/Trustthetip/config/boot.rb": [
        1,
        null,
        null,
        1,
        null,
        1
      ],
      "/Users/mathildathompson288/Desktop/Projects/Trustthetip/config/environments/test.rb": [
        1,
        null,
        null,
        null,
        null,
        null,
        null,
        1,
        null,
        null,
        1,
        1,
        null,
        null,
        1,
        null,
        null,
        1,
        1,
        null,
        null,
        1,
        null,
        null,
        1,
        null,
        null,
        null,
        null,
        1,
        null,
        null,
        1,
        null,
        null,
        1,
        null
      ],
      "/Users/mathildathompson288/Desktop/Projects/Trustthetip/config/initializers/backtrace_silencers.rb": [
        null,
        null,
        null,
        null,
        null,
        null,
        null
      ],
      "/Users/mathildathompson288/Desktop/Projects/Trustthetip/config/initializers/devise.rb": [
        null,
        null,
        1,
        null,
        null,
        null,
        1,
        null,
        null,
        null,
        null,
        null,
        null,
        null,
        null,
        1,
        null,
        null,
        null,
        null,
        null,
        null,
        null,
        null,
        null,
        null,
        null,
        null,
        null,
        null,
        null,
        null,
        null,
        null,
        null,
        null,
        null,
        1,
        null,
        null,
        null,
        null,
        1,
        null,
        null,
        null,
        null,
        null,
        null,
        null,
        null,
        null,
        null,
        null,
        null,
        null,
        null,
        null,
        null,
        null,
        null,
        null,
        null,
        null,
        null,
        null,
        null,
        null,
        null,
        null,
        null,
        null,
        null,
        null,
        null,
        null,
        1,
        null,
        null,
        null,
        null,
        null,
        null,
        null,
        null,
        1,
        null,
        null,
        null,
        null,
        null,
        null,
        null,
        null,
        null,
        null,
        null,
        null,
        null,
        null,
        null,
        null,
        null,
        null,
        null,
        null,
        null,
        null,
        null,
        null,
        1,
        null,
        null,
        null,
        null,
        null,
        null,
        null,
        null,
        null,
        null,
        null,
        null,
        null,
        null,
        null,
        null,
        null,
        1,
        null,
        null,
        null,
        null,
        null,
        null,
        null,
        null,
        null,
        null,
        null,
        null,
        null,
        null,
        null,
        null,
        null,
        null,
        null,
        null,
        null,
        null,
        null,
        null,
        null,
        null,
        null,
        null,
        null,
        null,
        null,
        null,
        null,
        null,
        null,
        null,
        null,
        null,
        null,
        null,
        null,
        null,
        null,
        null,
        null,
        1,
        1,
        null,
        null,
        null,
        null,
        null,
        null,
        null,
        null,
        null,
        null,
        null,
        null,
        null,
        null,
        null,
        null,
        null,
        null,
        null,
        null,
        null,
        null,
        null,
        null,
        null,
        null,
        null,
        null,
        null,
        null,
        null,
        null,
        null,
        null,
        null,
        null,
        null,
        null,
        null,
        null,
        null,
        1,
        null,
        null,
        null,
        null,
        null,
        null,
        1,
        null,
        null,
        null,
        null,
        null,
        null,
        null,
        null,
        null,
        null,
        null,
        null,
        null,
        null,
        null,
        null,
        null,
        null,
        null,
        null,
        null,
        null,
        null
      ],
      "/Users/mathildathompson288/Desktop/Projects/Trustthetip/config/initializers/inflections.rb": [
        null,
        null,
        null,
        null,
        null,
        null,
        null,
        null,
        null,
        null,
        null,
        null,
        null,
        null,
        null
      ],
      "/Users/mathildathompson288/Desktop/Projects/Trustthetip/config/initializers/mime_types.rb": [
        null,
        null,
        null,
        null,
        null
      ],
      "/Users/mathildathompson288/Desktop/Projects/Trustthetip/config/initializers/secret_token.rb": [
        null,
        null,
        null,
        null,
        null,
        null,
        1
      ],
      "/Users/mathildathompson288/Desktop/Projects/Trustthetip/config/initializers/session_store.rb": [
        null,
        null,
        1,
        null,
        null,
        null,
        null,
        null
      ],
      "/Users/mathildathompson288/Desktop/Projects/Trustthetip/config/initializers/wrap_parameters.rb": [
        null,
        null,
        null,
        null,
        null,
        null,
        1,
        1,
        null,
        null,
        null,
        1,
        1,
        null
      ],
      "/Users/mathildathompson288/Desktop/Projects/Trustthetip/config/routes.rb": [
        1,
        1,
        1,
        null,
        null,
        null,
        null,
        null,
        null,
        null,
        null,
        null,
        null,
        null,
        null,
        null,
        null,
        null,
        null,
        null,
        null,
        null,
        null,
        null,
        null,
        null,
        null,
        null,
        null,
        null,
        null,
        null,
        null,
        null,
        null,
        null,
        null,
        null,
        null,
        null,
        null,
        null,
        null,
        null,
        null,
        null,
        null,
        null,
        null,
        null,
        null,
        null,
        null,
        null,
        1,
        null,
        null,
        null,
        null,
        null,
        null,
        null,
        null
      ],
      "/Users/mathildathompson288/Desktop/Projects/Trustthetip/app/models/user.rb": [
        1,
        null,
        1,
        null,
        null,
        null,
        1,
        null,
        null,
        null,
        1,
        null,
        null,
        null,
        null,
        null,
        null,
        null,
        null,
        null,
        null,
        null,
        null,
        null,
        1,
        1,
        null,
        null,
        null,
        null,
        null,
        1,
        0,
        0,
        0,
        0,
        0,
        0,
        0,
        0,
        null,
        null,
        null,
        0,
        null,
        null,
        null,
        null,
        null,
        null,
        1,
        0,
        0,
        null,
        null,
        null,
        null,
        null,
        null,
        null,
        1,
        0,
        0,
        0,
        0,
        0,
        0,
        0,
        0,
        0,
        0,
        0,
        0,
        0,
        0,
        0,
        0,
        0,
        0,
        null,
        0,
        null,
        null,
        null,
        null,
        null,
        null,
        0,
        null,
        null,
        null,
        null,
        null,
        null,
        null,
        null,
        null,
        null,
        null,
        null
      ],
      "/Users/mathildathompson288/Desktop/Projects/Trustthetip/app/controllers/application_controller.rb": [
        1,
        1,
        1,
        0,
        null,
        null
      ],
      "/Users/mathildathompson288/Desktop/Projects/Trustthetip/app/helpers/application_helper.rb": [
        1,
        null
      ],
      "/Users/mathildathompson288/Desktop/Projects/Trustthetip/app/helpers/home_helper.rb": [
        1,
        null
      ],
      "/Users/mathildathompson288/Desktop/Projects/Trustthetip/app/helpers/omniauth_callbacks_helper.rb": [
        1,
        null
      ],
      "/Users/mathildathompson288/Desktop/Projects/Trustthetip/app/helpers/users_helper.rb": [
        1,
        null
      ],
      "/Users/mathildathompson288/Desktop/Projects/Trustthetip/app/controllers/home_controller.rb": [
        1,
        1,
        null,
        1,
        null,
        null,
        null
      ],
      "/Users/mathildathompson288/Desktop/Projects/Trustthetip/app/controllers/omniauth_callbacks_controller.rb": [
        1,
        1,
        null,
        0,
        null,
        0,
        0,
        0,
        null,
        null,
        0,
        null,
        null,
        null,
        1,
        null
      ],
      "/Users/mathildathompson288/Desktop/Projects/Trustthetip/app/controllers/users_controller.rb": [
        1,
        1,
        0,
        0,
        0,
        0,
        null,
        null,
        null,
        1,
        0,
        null,
        null,
        null,
        null,
        null,
        null,
        null,
        null,
        null,
        null,
        null,
        null,
        1,
        0,
        null,
        null,
        1,
        null,
        null
      ],
      "/Users/mathildathompson288/Desktop/Projects/Trustthetip/app/models/advisable.rb": [
        1,
        1,
        1,
        1,
        null
      ],
      "/Users/mathildathompson288/Desktop/Projects/Trustthetip/app/models/advisable_user.rb": [
        1,
        1,
        1,
        1,
        null
      ],
      "/Users/mathildathompson288/Desktop/Projects/Trustthetip/app/models/book.rb": [
        1,
        1,
        null,
        null,
        null,
        null,
        null
      ],
      "/Users/mathildathompson288/Desktop/Projects/Trustthetip/app/models/book_user.rb": [
        1,
        1,
        1,
        1,
        null
      ],
      "/Users/mathildathompson288/Desktop/Projects/Trustthetip/app/models/cocktail_bar.rb": [
        1,
        1,
        null,
        null,
        1,
        null
      ],
      "/Users/mathildathompson288/Desktop/Projects/Trustthetip/app/models/cocktail_bar_user.rb": [
        1,
        1,
        1,
        1,
        null
      ],
      "/Users/mathildathompson288/Desktop/Projects/Trustthetip/app/models/coffee_shop.rb": [
        1,
        1,
        null,
        null,
        1,
        null
      ],
      "/Users/mathildathompson288/Desktop/Projects/Trustthetip/app/models/coffee_shop_user.rb": [
        1,
        1,
        1,
        1,
        null
      ],
      "/Users/mathildathompson288/Desktop/Projects/Trustthetip/app/models/film.rb": [
        1,
        1,
        null,
        null,
        null,
        null
      ],
      "/Users/mathildathompson288/Desktop/Projects/Trustthetip/app/models/film_user.rb": [
        1,
        1,
        1,
        1,
        null
      ],
      "/Users/mathildathompson288/Desktop/Projects/Trustthetip/app/models/restaurant.rb": [
        1,
        1,
        null,
        null,
        1,
        null
      ],
      "/Users/mathildathompson288/Desktop/Projects/Trustthetip/app/models/restaurant_user.rb": [
        1,
        1,
        1,
        1,
        null
      ],
      "/Users/mathildathompson288/Desktop/Projects/Trustthetip/app/models/song.rb": [
        1,
        1,
        null,
        null,
        null,
        null
      ],
      "/Users/mathildathompson288/Desktop/Projects/Trustthetip/app/models/song_user.rb": [
        1,
        1,
        1,
        1,
        null
      ],
      "/Users/mathildathompson288/Desktop/Projects/Trustthetip/spec/support/blueprints.rb": [
        1,
        null,
        1,
        2,
        2,
        2,
        2,
        null,
        null,
        null,
        null,
        null,
        null,
        1,
        2,
        2,
        null
      ]
    },
    "timestamp": 1370891546
  }
}
